#
# There is insufficient memory for the Java Runtime Environment to continue.
# Native memory allocation (malloc) failed to allocate 1048576 bytes for AllocateHeap
# Possible reasons:
#   The system is out of physical RAM or swap space
#   The process is running with CompressedOops enabled, and the Java Heap may be blocking the growth of the native heap
# Possible solutions:
#   Reduce memory load on the system
#   Increase physical memory or swap space
#   Check if swap backing store is full
#   Decrease Java heap size (-Xmx/-Xms)
#   Decrease number of Java threads
#   Decrease Java thread stack sizes (-Xss)
#   Set larger code cache with -XX:ReservedCodeCacheSize=
#   JVM is running with Unscaled Compressed Oops mode in which the Java heap is
#     placed in the first 4GB address space. The Java Heap base address is the
#     maximum limit for the native heap growth. Please use -XX:HeapBaseMinAddress
#     to set the Java Heap base and to place the Java Heap above 4GB virtual address.
# This output file may be truncated or incomplete.
#
#  Out of Memory Error (memory/allocation.inline.hpp:61), pid=4180, tid=0x0000000000001e3c
#
# JRE version:  (8.0_231-b11) (build )
# Java VM: Java HotSpot(TM) 64-Bit Server VM (25.231-b11 mixed mode windows-amd64 compressed oops)
# Failed to write core dump. Minidumps are not enabled by default on client versions of Windows
#

---------------  T H R E A D  ---------------

Current thread (0x000000000245d800):  JavaThread "Unknown thread" [_thread_in_vm, id=7740, stack(0x0000000002470000,0x0000000002570000)]

Stack: [0x0000000002470000,0x0000000002570000]
[error occurred during error reporting (printing stack bounds), id 0xc0000005]

Native frames: (J=compiled Java code, j=interpreted, Vv=VM code, C=native code)


---------------  P R O C E S S  ---------------

Java Threads: ( => current thread )

Other Threads:

=>0x000000000245d800 (exited) JavaThread "Unknown thread" [_thread_in_vm, id=7740, stack(0x0000000002470000,0x0000000002570000)]

VM state:not at safepoint (normal execution)

VM Mutex/Monitor currently owned by a thread: None

heap address: 0x00000000c1600000, size: 1002 MB, Compressed Oops mode: 32-bit
Narrow klass base: 0x0000000000000000, Narrow klass shift: 3
Compressed class space size: 1073741824 Address: 0x0000000100000000

Heap:
 PSYoungGen      total 18944K, used 327K [0x00000000eb200000, 0x00000000ec700000, 0x0000000100000000)
  eden space 16384K, 2% used [0x00000000eb200000,0x00000000eb251ec8,0x00000000ec200000)
  from space 2560K, 0% used [0x00000000ec480000,0x00000000ec480000,0x00000000ec700000)
  to   space 2560K, 0% used [0x00000000ec200000,0x00000000ec200000,0x00000000ec480000)
 ParOldGen       total 44032K, used 0K [0x00000000c1600000, 0x00000000c4100000, 0x00000000eb200000)
  object space 44032K, 0% used [0x00000000c1600000,0x00000000c1600000,0x00000000c4100000)
 Metaspace       used 752K, capacity 4480K, committed 4480K, reserved 1056768K
  class space    used 76K, capacity 384K, committed 384K, reserved 1048576K

Card table byte_map: [0x0000000011a30000,0x0000000011c30000] byte_map_base: 0x0000000011425000

Marking Bits: (ParMarkBitMap*) 0x000000006d0f6d90
 Begin Bits: [0x0000000012180000, 0x0000000013128000)
 End Bits:   [0x0000000013128000, 0x00000000140d0000)

Polling page: 0x0000000000610000

CodeCache: size=245760Kb used=328Kb max_used=328Kb free=245431Kb
 bounds [0x0000000002670000, 0x00000000028e0000, 0x0000000011670000]
 total_blobs=58 nmethods=0 adapters=38
 compilation: enabled

Compilation events (0 events):
No events

GC Heap History (0 events):
No events

Deoptimization events (0 events):
No events

Classes redefined (0 events):
No events

Internal exceptions (0 events):
No events

Events (10 events):
Event: 0.034 loading class java/lang/Short
Event: 0.034 loading class java/lang/Short done
Event: 0.034 loading class java/lang/Integer
Event: 0.034 loading class java/lang/Integer done
Event: 0.034 loading class java/lang/Long
Event: 0.034 loading class java/lang/Long done
Event: 0.035 loading class java/lang/NullPointerException
Event: 0.035 loading class java/lang/NullPointerException done
Event: 0.035 loading class java/lang/ArithmeticException
Event: 0.035 loading class java/lang/ArithmeticException done


Dynamic libraries:
0x00007ff795a70000 - 0x00007ff795aa7000 	C:\Program Files\Java\jre1.8.0_231\bin\javaw.exe
0x00007ffc13710000 - 0x00007ffc138fd000 	C:\WINDOWS\SYSTEM32\ntdll.dll
0x00007ffc111b0000 - 0x00007ffc11263000 	C:\WINDOWS\System32\KERNEL32.DLL
0x00007ffc0fb50000 - 0x00007ffc0fde3000 	C:\WINDOWS\System32\KERNELBASE.dll
0x00007ffc10c60000 - 0x00007ffc10d03000 	C:\WINDOWS\System32\ADVAPI32.dll
0x00007ffc12d80000 - 0x00007ffc12e1e000 	C:\WINDOWS\System32\msvcrt.dll
0x00007ffc12960000 - 0x00007ffc129fe000 	C:\WINDOWS\System32\sechost.dll
0x00007ffc12a00000 - 0x00007ffc12b22000 	C:\WINDOWS\System32\RPCRT4.dll
0x00007ffc12b30000 - 0x00007ffc12cc7000 	C:\WINDOWS\System32\USER32.dll
0x00007ffc0fdf0000 - 0x00007ffc0fe10000 	C:\WINDOWS\System32\win32u.dll
0x00007ffc12f70000 - 0x00007ffc12f99000 	C:\WINDOWS\System32\GDI32.dll
0x00007ffc0f8a0000 - 0x00007ffc0fa39000 	C:\WINDOWS\System32\gdi32full.dll
0x00007ffc10740000 - 0x00007ffc107e0000 	C:\WINDOWS\System32\msvcp_win.dll
0x00007ffc107e0000 - 0x00007ffc108da000 	C:\WINDOWS\System32\ucrtbase.dll
0x00007ffc02220000 - 0x00007ffc02499000 	C:\WINDOWS\WinSxS\amd64_microsoft.windows.common-controls_6595b64144ccf1df_6.0.17763.864_none_05b3441807210760\COMCTL32.dll
0x00007ffc10930000 - 0x00007ffc10c5c000 	C:\WINDOWS\System32\combase.dll
0x00007ffc0faa0000 - 0x00007ffc0fb1e000 	C:\WINDOWS\System32\bcryptPrimitives.dll
0x00007ffc11270000 - 0x00007ffc1129e000 	C:\WINDOWS\System32\IMM32.DLL
0x000000006f5e0000 - 0x000000006f6b2000 	C:\Program Files\Java\jre1.8.0_231\bin\msvcr100.dll
0x000000006c8d0000 - 0x000000006d176000 	C:\Program Files\Java\jre1.8.0_231\bin\server\jvm.dll
0x00007ffc11380000 - 0x00007ffc11388000 	C:\WINDOWS\System32\PSAPI.DLL
0x00007ffc08b30000 - 0x00007ffc08b3a000 	C:\WINDOWS\SYSTEM32\VERSION.dll
0x00007ffc0d300000 - 0x00007ffc0d324000 	C:\WINDOWS\SYSTEM32\WINMM.dll
0x00007ffc06b30000 - 0x00007ffc06b39000 	C:\WINDOWS\SYSTEM32\WSOCK32.dll
0x00007ffc11390000 - 0x00007ffc113fd000 	C:\WINDOWS\System32\WS2_32.dll
0x00007ffc0d2d0000 - 0x00007ffc0d2fd000 	C:\WINDOWS\SYSTEM32\winmmbase.dll
0x00007ffc108e0000 - 0x00007ffc1092a000 	C:\WINDOWS\System32\cfgmgr32.dll
0x00007ffc0c010000 - 0x00007ffc0c01f000 	C:\Program Files\Java\jre1.8.0_231\bin\verify.dll
0x00007ffc05990000 - 0x00007ffc059b9000 	C:\Program Files\Java\jre1.8.0_231\bin\java.dll
0x00007ffc05a30000 - 0x00007ffc05a46000 	C:\Program Files\Java\jre1.8.0_231\bin\zip.dll

VM Arguments:
jvm_args: -Dfile.encoding=Cp1252 
java_command: view.VisaoGeral
java_class_path (initial): C:\Users\maico\Downloads\mysql-connector-java-8.0.12.jar;C:\Users\maico\git\Jask\bin
Launcher Type: SUN_STANDARD

Environment Variables:
JAVA_HOME=C:\Program Files\Java\jdk-13
CLASSPATH=;C:\Program Files\Java\jdk-13\lib;C:\Program Files\Java\jdk-13\lib\tools.jar;C:\Program Files\Java\jdk-13\lib\dt.jar;
PATH=C:/Program Files/Java/jdk-13/bin/server;C:/Program Files/Java/jdk-13/bin;C:\WINDOWS\system32;C:\WINDOWS;C:\WINDOWS\System32\Wbem;C:\WINDOWS\System32\WindowsPowerShell\v1.0\;C:\WINDOWS\System32\OpenSSH\;C:\Program Files\Git\cmd;C:\Program Files\Java\jdk-13\bin;;C:\WINDOWS\system32;
USERNAME=maico
OS=Windows_NT
PROCESSOR_IDENTIFIER=Intel64 Family 6 Model 78 Stepping 3, GenuineIntel



---------------  S Y S T E M  ---------------

OS: Windows 10.0 , 64 bit Build 17763 (10.0.17763.475)

CPU:total 4 (initial active 4) (2 cores per cpu, 2 threads per core) family 6 model 78 stepping 3, cmov, cx8, fxsr, mmx, sse, sse2, sse3, ssse3, sse4.1, sse4.2, popcnt, avx, avx2, aes, clmul, erms, 3dnowpref, lzcnt, ht, tsc, tscinvbit, bmi1, bmi2, adx

Memory: 4k page, physical 4097952k(398320k free), swap 4097952k(5196k free)

vm_info: Java HotSpot(TM) 64-Bit Server VM (25.231-b11) for windows-amd64 JRE (1.8.0_231-b11), built on Oct  5 2019 03:11:30 by "java_re" with MS VC++ 10.0 (VS2010)

time: Sat Nov 23 17:14:11 2019
timezone: Hora oficial do Brasil
elapsed time: 0 seconds (0d 0h 0m 0s)

